WearableNotifications/Application/build/outputs/logs/manifest-merger-debug-report.txt
-- Merging decision tree log ---
manifest
ADDED from AndroidManifest.xml:17:1
	package
		ADDED from AndroidManifest.xml:18:9
	xmlns:android
		ADDED from AndroidManifest.xml:17:11
uses-sdk
ADDED from AndroidManifest.xml:20:5
MERGED from com.android.support:support-v4:23.0.1:20:5
MERGED from com.android.support:support-v13:23.0.1:20:5
MERGED from com.android.support:support-v4:23.0.1:20:5
MERGED from com.android.support:cardview-v7:23.0.0:20:5
MERGED from com.google.android.gms:play-services-wearable:7.8.0:18:5
MERGED from com.google.android.gms:play-services-base:7.8.0:18:5
MERGED from com.android.support:support-v4:23.0.1:20:5
MERGED from com.android.support:support-v13:23.0.1:20:5
MERGED from com.android.support:support-v4:23.0.1:20:5
	android:targetSdkVersion
		ADDED from AndroidManifest.xml:21:15
		INJECTED from AndroidManifest.xml:0:0
		INJECTED from AndroidManifest.xml:0:0
	android:minSdkVersion
		ADDED from AndroidManifest.xml:20:15
		INJECTED from AndroidManifest.xml:0:0
		INJECTED from AndroidManifest.xml:0:0
uses-permission#android.permission.VIBRATE
ADDED from AndroidManifest.xml:23:5
	android:name
		ADDED from AndroidManifest.xml:23:22
application
ADDED from AndroidManifest.xml:25:5
MERGED from com.android.support:support-v4:23.0.1:22:5
MERGED from com.android.support:support-v13:23.0.1:22:5
MERGED from com.android.support:support-v4:23.0.1:22:5
MERGED from com.android.support:cardview-v7:23.0.0:22:5
MERGED from com.google.android.gms:play-services-wearable:7.8.0:19:5
MERGED from com.google.android.gms:play-services-base:7.8.0:20:5
MERGED from com.android.support:support-v4:23.0.1:22:5
MERGED from com.android.support:support-v13:23.0.1:22:5
MERGED from com.android.support:support-v4:23.0.1:22:5
	android:label
		ADDED from AndroidManifest.xml:28:13
	android:allowBackup
		ADDED from AndroidManifest.xml:26:13
	android:icon
		ADDED from AndroidManifest.xml:27:13
	android:theme
		ADDED from AndroidManifest.xml:29:13
activity#com.example.android.support.wearable.notifications.MainActivity
ADDED from AndroidManifest.xml:31:9
	android:label
		ADDED from AndroidManifest.xml:33:17
	android:windowSoftInputMode
		ADDED from AndroidManifest.xml:34:17
	android:name
		ADDED from AndroidManifest.xml:32:17
intent-filter#android.intent.action.MAIN+android.intent.category.LAUNCHER
ADDED from AndroidManifest.xml:35:13
action#android.intent.action.MAIN
ADDED from AndroidManifest.xml:36:17
	android:name
		ADDED from AndroidManifest.xml:36:25
category#android.intent.category.LAUNCHER
ADDED from AndroidManifest.xml:37:17
	android:name
		ADDED from AndroidManifest.xml:37:27
receiver#com.example.android.support.wearable.notifications.NotificationIntentReceiver
ADDED from AndroidManifest.xml:41:9
	android:exported
		ADDED from AndroidManifest.xml:42:17
	android:name
		ADDED from AndroidManifest.xml:41:19
intent-filter#com.example.android.support.wearable.notifications.ACTION_DISABLE_MESSAGES+com.example.android.support.wearable.notifications.ACTION_ENABLE_MESSAGES+com.example.android.support.wearable.notifications.ACTION_EXAMPLE
ADDED from AndroidManifest.xml:43:13
action#com.example.android.support.wearable.notifications.ACTION_EXAMPLE
ADDED from AndroidManifest.xml:44:17
	android:name
		ADDED from AndroidManifest.xml:44:25
action#com.example.android.support.wearable.notifications.ACTION_ENABLE_MESSAGES
ADDED from AndroidManifest.xml:45:17
	android:name
		ADDED from AndroidManifest.xml:45:25
action#com.example.android.support.wearable.notifications.ACTION_DISABLE_MESSAGES
ADDED from AndroidManifest.xml:46:17
	android:name
		ADDED from AndroidManifest.xml:46:25
meta-data#com.google.android.gms.version
ADDED from com.google.android.gms:play-services-base:7.8.0:21:9
	android:value
		ADDED from com.google.android.gms:play-services-base:7.8.0:23:13
	android:name
		ADDED from com.google.android.gms:play-services-base:7.8.0:22:13